<?xml version="1.0" encoding="UTF-8" ?>
<testsuite tests="32" failures="0" name="org.fluentcodes.projects.elasticobjects.models.ModelBeanDevTest" time="0.003" errors="0" skipped="0">
  <properties>
[...]
</properties>
  <testcase classname="org.fluentcodes.projects.elasticobjects.models.ModelBeanDevTest" name="newEmpty_modelKey_Model__toString__BEAN_Model" time="0"/>
  <testcase classname="org.fluentcodes.projects.elasticobjects.models.ModelBeanDevTest" name="testModuleScope" time="0"/>
  <testcase classname="org.fluentcodes.projects.elasticobjects.models.ModelBeanDevTest" name="testCreationDate" time="0.001"/>
  <testcase classname="org.fluentcodes.projects.elasticobjects.models.ModelBeanDevTest" name="createModelBeanFromJson" time="0"/>
  <testcase classname="org.fluentcodes.projects.elasticobjects.models.ModelBeanDevTest" name="testScope" time="0"/>
  <testcase classname="org.fluentcodes.projects.elasticobjects.models.ModelBeanDevTest" name="createModelBeanWithFieldProperty_module" time="0"/>
  <testcase classname="org.fluentcodes.projects.elasticobjects.models.ModelBeanDevTest" name="createMapFromJson" time="0"/>
  <testcase classname="org.fluentcodes.projects.elasticobjects.models.ModelBeanDevTest" name="testShapeType" time="0"/>
  <testcase classname="org.fluentcodes.projects.elasticobjects.models.ModelBeanDevTest" name="testSuperKey" time="0"/>
  <testcase classname="org.fluentcodes.projects.elasticobjects.models.ModelBeanDevTest" name="testId" time="0"/>
  <testcase classname="org.fluentcodes.projects.elasticobjects.models.ModelBeanDevTest" name="new_empty__setFinal_true__isFinal_true" time="0"/>
  <testcase classname="org.fluentcodes.projects.elasticobjects.models.ModelBeanDevTest" name="testConfigModelKey" time="0"/>
  <testcase classname="org.fluentcodes.projects.elasticobjects.models.ModelBeanDevTest" name="createModelBeanWithFieldKey_module" time="0"/>
  <testcase classname="org.fluentcodes.projects.elasticobjects.models.ModelBeanDevTest" name="readModelConfig" time="0.001"/>
  <testcase classname="org.fluentcodes.projects.elasticobjects.models.ModelBeanDevTest" name="new_empty__addField_test__getFieldBean_not_null" time="0"/>
  <testcase classname="org.fluentcodes.projects.elasticobjects.models.ModelBeanDevTest" name="createModelConfigFromJson" time="0"/>
  <testcase classname="org.fluentcodes.projects.elasticobjects.models.ModelBeanDevTest" name="testNaturalId" time="0"/>
  <testcase classname="org.fluentcodes.projects.elasticobjects.models.ModelBeanDevTest" name="testPackagePath" time="0"/>
  <testcase classname="org.fluentcodes.projects.elasticobjects.models.ModelBeanDevTest" name="createModelKey" time="0"/>
  <testcase classname="org.fluentcodes.projects.elasticobjects.models.ModelBeanDevTest" name="readModelBean" time="0.001"/>
  <testcase classname="org.fluentcodes.projects.elasticobjects.models.ModelBeanDevTest" name="createModelBeanWithProperty_abstract" time="0"/>
  <testcase classname="org.fluentcodes.projects.elasticobjects.models.ModelBeanDevTest" name="createModelBean_modelKey" time="0"/>
  <testcase classname="org.fluentcodes.projects.elasticobjects.models.ModelBeanDevTest" name="new_set_ShapeTypes_LIST__properties_get_ShapeType__LIST" time="0"/>
  <testcase classname="org.fluentcodes.projects.elasticobjects.models.ModelBeanDevTest" name="newEmpty__toString__BEAN" time="0"/>
  <testcase classname="org.fluentcodes.projects.elasticobjects.models.ModelBeanDevTest" name="createRootFromJson" time="0"/>
  <testcase classname="org.fluentcodes.projects.elasticobjects.models.ModelBeanDevTest" name="testAuthor" time="0"/>
  <testcase classname="org.fluentcodes.projects.elasticobjects.models.ModelBeanDevTest" name="testExpose" time="0"/>
  <testcase classname="org.fluentcodes.projects.elasticobjects.models.ModelBeanDevTest" name="testModule" time="0"/>
  <testcase classname="org.fluentcodes.projects.elasticobjects.models.ModelBeanDevTest" name="newEmpy_set_ShapeTypes_LIST__getShapeType__LIST" time="0"/>
  <testcase classname="org.fluentcodes.projects.elasticobjects.models.ModelBeanDevTest" name="new_ArrayListList__isList__true" time="0"/>
  <testcase classname="org.fluentcodes.projects.elasticobjects.models.ModelBeanDevTest" name="newModel__toString__BEAN_Model" time="0"/>
  <testcase classname="org.fluentcodes.projects.elasticobjects.models.ModelBeanDevTest" name="newEmpty_naturalId_Model__toString__BEAN_Model" time="0"/>
</testsuite>