<?xml version="1.0" encoding="UTF-8" ?>
<testsuite tests="19" failures="0" name="org.fluentcodes.projects.elasticobjects.EoSetDevTest" time="0.003" errors="0" skipped="0">
  <properties>
[...]
</properties>
  <testcase classname="org.fluentcodes.projects.elasticobjects.EoSetDevTest" name="DEV__key0_true__get_key0_true" time="0"/>
  <testcase classname="org.fluentcodes.projects.elasticobjects.EoSetDevTest" name="key_value__set_model_List__exception" time="0"/>
  <testcase classname="org.fluentcodes.projects.elasticobjects.EoSetDevTest" name="empty__eo_set_key_value__map_get_key_value" time="0"/>
  <testcase classname="org.fluentcodes.projects.elasticobjects.EoSetDevTest" name="constructor_LinkedHashMap__eo_set_key_value__map_get_key_value" time="0"/>
  <testcase classname="org.fluentcodes.projects.elasticobjects.EoSetDevTest" name="DEV__key0_JSONList_value_1__get_key0_0_value_get_key0_1_1" time="0"/>
  <testcase classname="org.fluentcodes.projects.elasticobjects.EoSetDevTest" name="empty__setEmpty_key__ModelClass_Map" time="0"/>
  <testcase classname="org.fluentcodes.projects.elasticobjects.EoSetDevTest" name="DEV__key0_key1_key2_key3_asString_value__get_String_key0_key1_key2_key3_asString_value" time="0"/>
  <testcase classname="org.fluentcodes.projects.elasticobjects.EoSetDevTest" name="empty_class_Map_Map__set_key_value__Exception" time="0"/>
  <testcase classname="org.fluentcodes.projects.elasticobjects.EoSetDevTest" name="empty__set_test_test2_map_test_3_value__child_get_test3_value" time="0"/>
  <testcase classname="org.fluentcodes.projects.elasticobjects.EoSetDevTest" name="DEV__key0_key1_value__getPathAsString_key0_key1" time="0"/>
  <testcase classname="org.fluentcodes.projects.elasticobjects.EoSetDevTest" name="DEV__key0_value__get_key0_value" time="0"/>
  <testcase classname="org.fluentcodes.projects.elasticobjects.EoSetDevTest" name="DEV__JSON_List_Double_source_0_1_1_2_2_3__getModelClass_source_0_Double" time="0"/>
  <testcase classname="org.fluentcodes.projects.elasticobjects.EoSetDevTest" name="DEV__JSONList_1_2_3__getModelClass_source_0_Integer" time="0"/>
  <testcase classname="org.fluentcodes.projects.elasticobjects.EoSetDevTest" name="mapSmall__set_model_List__exception" time="0"/>
  <testcase classname="org.fluentcodes.projects.elasticobjects.EoSetDevTest" name="DEV__key0_key1_key2_key3_value__get_key0_key1_key2_key3_value" time="0.001"/>
  <testcase classname="org.fluentcodes.projects.elasticobjects.EoSetDevTest" name="empty__set_longPath1_overLappingPath2__expected" time="0.001"/>
  <testcase classname="org.fluentcodes.projects.elasticobjects.EoSetDevTest" name="empty__setJsonSmall__getJsonSmall" time="0"/>
  <testcase classname="org.fluentcodes.projects.elasticobjects.EoSetDevTest" name="empty__set_key_null__Exception" time="0.001"/>
  <testcase classname="org.fluentcodes.projects.elasticobjects.EoSetDevTest" name="empty__setMapComplex__getComplexValues" time="0"/>
</testsuite>