<?xml version="1.0" encoding="UTF-8" ?>
<testsuite tests="4" failures="0" name="org.fluentcodes.projects.elasticobjects.calls.condition.ConditionTest" time="0" errors="0" skipped="0">
  <properties>
[...]
</properties>
  <testcase classname="org.fluentcodes.projects.elasticobjects.calls.condition.ConditionTest" name="simpleLeadingSpace" time="0"/>
  <testcase classname="org.fluentcodes.projects.elasticobjects.calls.condition.ConditionTest" name="simple" time="0"/>
  <testcase classname="org.fluentcodes.projects.elasticobjects.calls.condition.ConditionTest" name="simpleMultipleSpacesAfterOperator" time="0"/>
  <testcase classname="org.fluentcodes.projects.elasticobjects.calls.condition.ConditionTest" name="simpleMultipleSpacesBeforeOperator" time="0"/>
</testsuite>