<?xml version="1.0" encoding="UTF-8" ?>
<testsuite tests="17" failures="0" name="org.fluentcodes.projects.elasticobjects.calls.values.SinusValueCallTest" time="0.011" errors="0" skipped="2">
  <properties>
[...]
</properties>
  <testcase classname="org.fluentcodes.projects.elasticobjects.calls.values.SinusValueCallTest" name="compareModelConfig" time="0.002"/>
  <testcase classname="org.fluentcodes.projects.elasticobjects.calls.values.SinusValueCallTest" name="eo_CallSinusArrayTemplateJson__execute__3times" time="0.002"/>
  <testcase classname="org.fluentcodes.projects.elasticobjects.calls.values.SinusValueCallTest" name="givenEoWithSimpleSinusCall_whenExecuteEo_thenPlaceHolderIsReplaced" time="0.001"/>
  <testcase classname="org.fluentcodes.projects.elasticobjects.calls.values.SinusValueCallTest" name="createFromModel_ok" time="0.001">
    <skipped message="Check to delete"/>
  </testcase>
  <testcase classname="org.fluentcodes.projects.elasticobjects.calls.values.SinusValueCallTest" name="eo_1_2_3__execute_serialize__" time="0.001"/>
  <testcase classname="org.fluentcodes.projects.elasticobjects.calls.values.SinusValueCallTest" name="givenEoSimple_WhenExecuteDirect_ResultExpected" time="0"/>
  <testcase classname="org.fluentcodes.projects.elasticobjects.calls.values.SinusValueCallTest" name="compareBeanFromModelConfig" time="0.002"/>
  <testcase classname="org.fluentcodes.projects.elasticobjects.calls.values.SinusValueCallTest" name="givenEo_whenReplaceStringInTemplate_thenPlaceHolderIsReplaced" time="0.001"/>
  <testcase classname="org.fluentcodes.projects.elasticobjects.calls.values.SinusValueCallTest" name="checkSerializationSimple" time="0"/>
  <testcase classname="org.fluentcodes.projects.elasticobjects.calls.values.SinusValueCallTest" name="givenEoSimple_whenExecuteWithEo_thenDurationIsSet" time="0.001"/>
  <testcase classname="org.fluentcodes.projects.elasticobjects.calls.values.SinusValueCallTest" name="givenCallSinusValue_thenInputValueIsReplaced" time="0"/>
  <testcase classname="org.fluentcodes.projects.elasticobjects.calls.values.SinusValueCallTest" name="eo_source_1_call_target__execute__get_target_0_8414709848078965" time="0"/>
  <testcase classname="org.fluentcodes.projects.elasticobjects.calls.values.SinusValueCallTest" name="Eo_value_2_template__parse__get_value_0" time="0"/>
  <testcase classname="org.fluentcodes.projects.elasticobjects.calls.values.SinusValueCallTest" name="eo_source_1__call_execute__return_0_8632093666488737" time="0"/>
  <testcase classname="org.fluentcodes.projects.elasticobjects.calls.values.SinusValueCallTest" name="create_noEoException" time="0"/>
  <testcase classname="org.fluentcodes.projects.elasticobjects.calls.values.SinusValueCallTest" name="givenEoArrayWithSourceAndTargetFromFile_whenExecute_hasSinusValueInTarget" time="0"/>
  <testcase classname="org.fluentcodes.projects.elasticobjects.calls.values.SinusValueCallTest" name="givenEoArrayWithSourceAndTargetFromFileOnTargetPath_whenExecute_hasSinusValueInTarget" time="0">
    <skipped message="Check to delete"/>
  </testcase>
</testsuite>