<?xml version="1.0" encoding="UTF-8" ?>
<testsuite tests="23" failures="0" name="org.fluentcodes.projects.elasticobjects.calls.templates.handler.ParserTest" time="0.003" errors="0" skipped="0">
  <properties>
[...]
</properties>
  <testcase classname="org.fluentcodes.projects.elasticobjects.calls.templates.handler.ParserTest" name="call_json_not_exist_default__parse__default" time="0.001"/>
  <testcase classname="org.fluentcodes.projects.elasticobjects.calls.templates.handler.ParserTest" name="ValueCall_level0_map__parse__valueSet" time="0"/>
  <testcase classname="org.fluentcodes.projects.elasticobjects.calls.templates.handler.ParserTest" name="array_TemplateCall_content_start_space_new_line__parse___1_2_3" time="0"/>
  <testcase classname="org.fluentcodes.projects.elasticobjects.calls.templates.handler.ParserTest" name="tmp__parse__error" time="0"/>
  <testcase classname="org.fluentcodes.projects.elasticobjects.calls.templates.handler.ParserTest" name="TemplateCall_testPath__parse__replaced" time="0"/>
  <testcase classname="org.fluentcodes.projects.elasticobjects.calls.templates.handler.ParserTest" name="json_TemplateCall_testPath_testValue__parse__xpected" time="0"/>
  <testcase classname="org.fluentcodes.projects.elasticobjects.calls.templates.handler.ParserTest" name="array_TemplateCall_content_trailing_space__parse__123" time="0"/>
  <testcase classname="org.fluentcodes.projects.elasticobjects.calls.templates.handler.ParserTest" name="eo_key0_key1_value__parse__value" time="0.001"/>
  <testcase classname="org.fluentcodes.projects.elasticobjects.calls.templates.handler.ParserTest" name="array_TemplateCall_content_start_space__parse__123" time="0"/>
  <testcase classname="org.fluentcodes.projects.elasticobjects.calls.templates.handler.ParserTest" name="array_TemplateCall_content_start_a_space__parse__123" time="0"/>
  <testcase classname="org.fluentcodes.projects.elasticobjects.calls.templates.handler.ParserTest" name="array_TemplateCall_content_start_space_backslash_newline__parse___1_2_3" time="0"/>
  <testcase classname="org.fluentcodes.projects.elasticobjects.calls.templates.handler.ParserTest" name="call_not_exist_default__parse_without_eo__default" time="0"/>
  <testcase classname="org.fluentcodes.projects.elasticobjects.calls.templates.handler.ParserTest" name="ValueCall_targetPath_level0_placeHolder__parse__replaced" time="0"/>
  <testcase classname="org.fluentcodes.projects.elasticobjects.calls.templates.handler.ParserTest" name="call_json_not_exist_default__parse_without_eo__default" time="0"/>
  <testcase classname="org.fluentcodes.projects.elasticobjects.calls.templates.handler.ParserTest" name="call_not_exist_default__parse__default" time="0"/>
  <testcase classname="org.fluentcodes.projects.elasticobjects.calls.templates.handler.ParserTest" name="placeHolder_testPath_noEo__parse__exception_in_template" time="0"/>
  <testcase classname="org.fluentcodes.projects.elasticobjects.calls.templates.handler.ParserTest" name="array_123_TemplateCall_content_trailing_space_newline__parse__1_2_3_" time="0.001"/>
  <testcase classname="org.fluentcodes.projects.elasticobjects.calls.templates.handler.ParserTest" name="array_123_TemplateCall_content_trailing_space_backslash_newline__parse__1_2_3_" time="0"/>
  <testcase classname="org.fluentcodes.projects.elasticobjects.calls.templates.handler.ParserTest" name="placeHolder_testPath_eo__parse__replace" time="0"/>
  <testcase classname="org.fluentcodes.projects.elasticobjects.calls.templates.handler.ParserTest" name="tmp_default__parse__default" time="0"/>
  <testcase classname="org.fluentcodes.projects.elasticobjects.calls.templates.handler.ParserTest" name="direct_targetPath_level0_placeHolder__parse__replaced" time="0"/>
  <testcase classname="org.fluentcodes.projects.elasticobjects.calls.templates.handler.ParserTest" name="set_TemplateCall_testPath_testValue__parse__xpected" time="0"/>
  <testcase classname="org.fluentcodes.projects.elasticobjects.calls.templates.handler.ParserTest" name="TemplateCall_parent__parse__val2a" time="0"/>
</testsuite>